<?xml version="1.0" encoding="UTF-8"?>
<testng-results ignored="0" total="3" passed="3" failed="0" skipped="0">
  <reporter-output>
  </reporter-output>
  <suite started-at="2023-01-12T16:14:20 IST" name="Suite" finished-at="2023-01-12T16:14:55 IST" duration-ms="34729">
    <groups>
      <group name="cucumber">
        <method signature="AbstractTestNGCucumberTests.runScenario(io.cucumber.testng.PickleWrapper,io.cucumber.testng.FeatureWrapper)[pri:0, instance:allTest.CucumberRunner@8462f31]" name="runScenario" class="io.cucumber.testng.AbstractTestNGCucumberTests"/>
      </group> <!-- cucumber -->
    </groups>
    <test started-at="2023-01-12T16:14:20 IST" name="Test" finished-at="2023-01-12T16:14:55 IST" duration-ms="34729">
      <class name="allTest.CucumberRunner">
        <test-method is-config="true" signature="configuration()[pri:0, instance:allTest.CucumberRunner@8462f31]" started-at="2023-01-12T16:14:15 IST" name="configuration" finished-at="2023-01-12T16:14:19 IST" duration-ms="3789" status="PASS">
          <reporter-output>
          </reporter-output>
        </test-method> <!-- configuration -->
        <test-method is-config="true" signature="openUrl()[pri:0, instance:allTest.CucumberRunner@8462f31]" started-at="2023-01-12T16:14:19 IST" name="openUrl" finished-at="2023-01-12T16:14:20 IST" duration-ms="1191" status="PASS">
          <reporter-output>
          </reporter-output>
        </test-method> <!-- openUrl -->
        <test-method is-config="true" signature="setUpClass(org.testng.ITestContext)[pri:0, instance:allTest.CucumberRunner@8462f31]" started-at="2023-01-12T16:14:20 IST" name="setUpClass" finished-at="2023-01-12T16:14:21 IST" duration-ms="1019" status="PASS">
          <params>
            <param index="0">
              <value>
                <![CDATA[org.testng.TestRunner@7db162f2]]>
              </value>
            </param>
          </params>
          <reporter-output>
          </reporter-output>
        </test-method> <!-- setUpClass -->
        <test-method signature="runScenario(io.cucumber.testng.PickleWrapper,io.cucumber.testng.FeatureWrapper)[pri:0, instance:allTest.CucumberRunner@8462f31]" started-at="2023-01-12T16:14:21 IST" name="runScenario" description="Runs Cucumber Scenarios" data-provider="scenarios" finished-at="2023-01-12T16:14:39 IST" duration-ms="18462" status="PASS">
          <params>
            <param index="0">
              <value>
                <![CDATA["Login using correct Email ID and Password"]]>
              </value>
            </param>
            <param index="1">
              <value>
                <![CDATA["TruTime"]]>
              </value>
            </param>
          </params>
          <reporter-output>
          </reporter-output>
        </test-method> <!-- runScenario -->
        <test-method signature="runScenario(io.cucumber.testng.PickleWrapper,io.cucumber.testng.FeatureWrapper)[pri:0, instance:allTest.CucumberRunner@8462f31]" started-at="2023-01-12T16:14:39 IST" name="runScenario" description="Runs Cucumber Scenarios" data-provider="scenarios" finished-at="2023-01-12T16:14:52 IST" duration-ms="12844" status="PASS">
          <params>
            <param index="0">
              <value>
                <![CDATA["Searching and Selecting TruTime"]]>
              </value>
            </param>
            <param index="1">
              <value>
                <![CDATA["TruTime"]]>
              </value>
            </param>
          </params>
          <reporter-output>
          </reporter-output>
        </test-method> <!-- runScenario -->
        <test-method signature="runScenario(io.cucumber.testng.PickleWrapper,io.cucumber.testng.FeatureWrapper)[pri:0, instance:allTest.CucumberRunner@8462f31]" started-at="2023-01-12T16:14:52 IST" name="runScenario" description="Runs Cucumber Scenarios" data-provider="scenarios" finished-at="2023-01-12T16:14:54 IST" duration-ms="2065" status="PASS">
          <params>
            <param index="0">
              <value>
                <![CDATA["Verification of displayed dates"]]>
              </value>
            </param>
            <param index="1">
              <value>
                <![CDATA["TruTime"]]>
              </value>
            </param>
          </params>
          <reporter-output>
          </reporter-output>
        </test-method> <!-- runScenario -->
        <test-method is-config="true" signature="tearDownClass()[pri:0, instance:allTest.CucumberRunner@8462f31]" started-at="2023-01-12T16:14:54 IST" name="tearDownClass" finished-at="2023-01-12T16:14:55 IST" duration-ms="291" status="PASS">
          <reporter-output>
          </reporter-output>
        </test-method> <!-- tearDownClass -->
        <test-method is-config="true" signature="closeDriver()[pri:0, instance:allTest.CucumberRunner@8462f31]" started-at="2023-01-12T16:14:55 IST" name="closeDriver" finished-at="2023-01-12T16:14:55 IST" duration-ms="259" status="PASS">
          <reporter-output>
          </reporter-output>
        </test-method> <!-- closeDriver -->
      </class> <!-- allTest.CucumberRunner -->
    </test> <!-- Test -->
  </suite> <!-- Suite -->
</testng-results>
